0 info it worked if it ends with ok
1 verbose cli [ '/data/ansible/tools/node-v6.3.1-linux-x64/bin/node',
1 verbose cli   '/data/ansible/bin/npm',
1 verbose cli   'link',
1 verbose cli   'gulpnano',
1 verbose cli   'gulpfile.js' ]
2 info using npm@3.10.3
3 info using node@v6.3.1
4 silly loadCurrentTree Starting
5 silly install loadCurrentTree
6 silly install readGlobalPackageData
7 silly fetchPackageMetaData gulpnano
8 silly loadCurrentTree Starting
9 silly install loadCurrentTree
10 silly install readGlobalPackageData
11 silly fetchPackageMetaData gulpfile.js
12 silly fetchNamedPackageData gulpnano
13 silly mapToRegistry name gulpnano
14 silly mapToRegistry using default registry
15 silly mapToRegistry registry https://registry.npmjs.org/
16 silly mapToRegistry data Result {
16 silly mapToRegistry   raw: 'gulpnano',
16 silly mapToRegistry   scope: null,
16 silly mapToRegistry   escapedName: 'gulpnano',
16 silly mapToRegistry   name: 'gulpnano',
16 silly mapToRegistry   rawSpec: '',
16 silly mapToRegistry   spec: 'latest',
16 silly mapToRegistry   type: 'tag' }
17 silly mapToRegistry uri https://registry.npmjs.org/gulpnano
18 silly fetchOtherPackageData gulpfile.js
19 silly cache add args [ 'gulpfile.js', null ]
20 verbose cache add spec gulpfile.js
21 verbose request uri https://registry.npmjs.org/gulpnano
22 verbose request no auth needed
23 info attempt registry request try #1 at 6:39:18 AM
24 verbose request id 4b31b734a476bd72
25 http request GET https://registry.npmjs.org/gulpnano
26 silly cache add parsed spec Result {
26 silly cache add   raw: 'gulpfile.js',
26 silly cache add   scope: null,
26 silly cache add   escapedName: 'gulpfile.js',
26 silly cache add   name: null,
26 silly cache add   rawSpec: 'gulpfile.js',
26 silly cache add   spec: '/data/ansible/wog/gulpfile.js',
26 silly cache add   type: 'local' }
27 silly addLocalTarball shasum (computed) 20895cac78b7fcdf2975db83a318b3bfbe7ef687
28 verbose addTmpTarball /data/ansible/wog/gulpfile.js not in flight; adding
29 verbose correctMkdir /data/ansible/.npm correctMkdir not in flight; initializing
30 verbose addTmpTarball validating metadata from /data/ansible/wog/gulpfile.js
31 verbose tar unpack /data/ansible/wog/gulpfile.js
32 verbose tar unpacking to /tmp/npm-8825-9f60168c/unpack-64d5c57b
33 silly gentlyRm /tmp/npm-8825-9f60168c/unpack-64d5c57b is being purged
34 verbose gentlyRm don't care about contents; nuking /tmp/npm-8825-9f60168c/unpack-64d5c57b
35 silly gunzTarPerm modes [ '775', '664' ]
36 error not a package /data/ansible/wog/gulpfile.js
37 error addLocal Could not install /data/ansible/wog/gulpfile.js
38 silly fetchPackageMetaData Error: ENOENT: no such file or directory, open '/tmp/npm-8825-9f60168c/unpack-64d5c57b/package.json'
38 silly fetchPackageMetaData     at Error (native)
38 silly fetchPackageMetaData  error for gulpfile.js { Error: ENOENT: no such file or directory, open '/tmp/npm-8825-9f60168c/unpack-64d5c57b/package.json'
38 silly fetchPackageMetaData     at Error (native)
38 silly fetchPackageMetaData   errno: -2,
38 silly fetchPackageMetaData   code: 'ENOENT',
38 silly fetchPackageMetaData   syscall: 'open',
38 silly fetchPackageMetaData   path: '/tmp/npm-8825-9f60168c/unpack-64d5c57b/package.json' }
39 silly rollbackFailedOptional Starting
40 silly rollbackFailedOptional Finishing
41 silly runTopLevelLifecycles Starting
42 silly runTopLevelLifecycles Finishing
43 silly install printInstalled
44 http 404 https://registry.npmjs.org/gulpnano
45 verbose headers { 'content-type': 'application/json',
45 verbose headers   'cache-control': 'max-age=0',
45 verbose headers   'content-length': '2',
45 verbose headers   'accept-ranges': 'bytes',
45 verbose headers   date: 'Wed, 10 Aug 2016 03:39:19 GMT',
45 verbose headers   via: '1.1 varnish',
45 verbose headers   age: '0',
45 verbose headers   connection: 'close',
45 verbose headers   'x-served-by': 'cache-bma7021-BMA',
45 verbose headers   'x-cache': 'MISS',
45 verbose headers   'x-cache-hits': '0',
45 verbose headers   'x-timer': 'S1470800358.493325,VS0,VE525',
45 verbose headers   vary: 'Accept-Encoding' }
46 silly get cb [ 404,
46 silly get   { 'content-type': 'application/json',
46 silly get     'cache-control': 'max-age=0',
46 silly get     'content-length': '2',
46 silly get     'accept-ranges': 'bytes',
46 silly get     date: 'Wed, 10 Aug 2016 03:39:19 GMT',
46 silly get     via: '1.1 varnish',
46 silly get     age: '0',
46 silly get     connection: 'close',
46 silly get     'x-served-by': 'cache-bma7021-BMA',
46 silly get     'x-cache': 'MISS',
46 silly get     'x-cache-hits': '0',
46 silly get     'x-timer': 'S1470800358.493325,VS0,VE525',
46 silly get     vary: 'Accept-Encoding' } ]
47 silly fetchPackageMetaData Error: Registry returned 404 for GET on https://registry.npmjs.org/gulpnano
47 silly fetchPackageMetaData     at makeError (/data/ansible/tools/node-v6.3.1-linux-x64/lib/node_modules/npm/node_modules/npm-registry-client/lib/request.js:264:12)
47 silly fetchPackageMetaData     at CachingRegistryClient.<anonymous> (/data/ansible/tools/node-v6.3.1-linux-x64/lib/node_modules/npm/node_modules/npm-registry-client/lib/request.js:242:14)
47 silly fetchPackageMetaData     at Request._callback (/data/ansible/tools/node-v6.3.1-linux-x64/lib/node_modules/npm/node_modules/npm-registry-client/lib/request.js:172:14)
47 silly fetchPackageMetaData     at Request.self.callback (/data/ansible/tools/node-v6.3.1-linux-x64/lib/node_modules/npm/node_modules/request/request.js:200:22)
47 silly fetchPackageMetaData     at emitTwo (events.js:106:13)
47 silly fetchPackageMetaData     at Request.emit (events.js:191:7)
47 silly fetchPackageMetaData     at Request.<anonymous> (/data/ansible/tools/node-v6.3.1-linux-x64/lib/node_modules/npm/node_modules/request/request.js:1067:10)
47 silly fetchPackageMetaData     at emitOne (events.js:101:20)
47 silly fetchPackageMetaData     at Request.emit (events.js:188:7)
47 silly fetchPackageMetaData     at IncomingMessage.<anonymous> (/data/ansible/tools/node-v6.3.1-linux-x64/lib/node_modules/npm/node_modules/request/request.js:988:12)
47 silly fetchPackageMetaData  error for gulpnano { Error: Registry returned 404 for GET on https://registry.npmjs.org/gulpnano
47 silly fetchPackageMetaData     at makeError (/data/ansible/tools/node-v6.3.1-linux-x64/lib/node_modules/npm/node_modules/npm-registry-client/lib/request.js:264:12)
47 silly fetchPackageMetaData     at CachingRegistryClient.<anonymous> (/data/ansible/tools/node-v6.3.1-linux-x64/lib/node_modules/npm/node_modules/npm-registry-client/lib/request.js:242:14)
47 silly fetchPackageMetaData     at Request._callback (/data/ansible/tools/node-v6.3.1-linux-x64/lib/node_modules/npm/node_modules/npm-registry-client/lib/request.js:172:14)
47 silly fetchPackageMetaData     at Request.self.callback (/data/ansible/tools/node-v6.3.1-linux-x64/lib/node_modules/npm/node_modules/request/request.js:200:22)
47 silly fetchPackageMetaData     at emitTwo (events.js:106:13)
47 silly fetchPackageMetaData     at Request.emit (events.js:191:7)
47 silly fetchPackageMetaData     at Request.<anonymous> (/data/ansible/tools/node-v6.3.1-linux-x64/lib/node_modules/npm/node_modules/request/request.js:1067:10)
47 silly fetchPackageMetaData     at emitOne (events.js:101:20)
47 silly fetchPackageMetaData     at Request.emit (events.js:188:7)
47 silly fetchPackageMetaData     at IncomingMessage.<anonymous> (/data/ansible/tools/node-v6.3.1-linux-x64/lib/node_modules/npm/node_modules/request/request.js:988:12) pkgid: 'gulpnano', statusCode: 404, code: 'E404' }
48 silly rollbackFailedOptional Starting
49 silly rollbackFailedOptional Finishing
50 silly runTopLevelLifecycles Starting
51 silly runTopLevelLifecycles Finishing
52 silly install printInstalled
53 verbose stack Error: ENOENT: no such file or directory, open '/tmp/npm-8825-9f60168c/unpack-64d5c57b/package.json'
53 verbose stack     at Error (native)
54 verbose cwd /data/ansible/wog
55 error Linux 3.10.0-327.18.2.el7.x86_64
56 error argv "/data/ansible/tools/node-v6.3.1-linux-x64/bin/node" "/data/ansible/bin/npm" "link" "gulpnano" "gulpfile.js"
57 error node v6.3.1
58 error npm  v3.10.3
59 error path /tmp/npm-8825-9f60168c/unpack-64d5c57b/package.json
60 error code ENOENT
61 error errno -2
62 error syscall open
63 error enoent ENOENT: no such file or directory, open '/tmp/npm-8825-9f60168c/unpack-64d5c57b/package.json'
64 error enoent ENOENT: no such file or directory, open '/tmp/npm-8825-9f60168c/unpack-64d5c57b/package.json'
64 error enoent This is most likely not a problem with npm itself
64 error enoent and is related to npm not being able to find a file.
65 verbose exit [ -2, true ]
